[10:58:45] [ServerMain/INFO]: Environment: Environment[sessionHost=https://sessionserver.mojang.com, servicesHost=https://api.minecraftservices.com, name=PROD]
[10:58:46] [ServerMain/INFO]: No existing world data, creating new world
[10:58:46] [ServerMain/INFO]: Loaded 1290 recipes
[10:58:47] [ServerMain/INFO]: Loaded 1399 advancements
[10:58:47] [Server thread/INFO]: Starting minecraft server version 1.21
[10:58:47] [Server thread/INFO]: Loading properties
[10:58:47] [Server thread/INFO]: Default game type: SURVIVAL
[10:58:47] [Server thread/INFO]: Generating keypair
[10:58:47] [Server thread/INFO]: Starting Minecraft server on *:25565
[10:58:47] [Server thread/INFO]: Using epoll channel type
[10:58:47] [Server thread/WARN]: **** SERVER IS RUNNING IN OFFLINE/INSECURE MODE!
[10:58:47] [Server thread/WARN]: The server will make no attempt to authenticate usernames. Beware.
[10:58:47] [Server thread/WARN]: While this makes the game possible to play without internet access, it also opens up the ability for hackers to connect with any username they choose.
[10:58:47] [Server thread/WARN]: To change this, set "online-mode" to "true" in the server.properties file.
[10:58:47] [Server thread/INFO]: Preparing level "world"
[10:58:54] [Server thread/INFO]: Preparing start region for dimension minecraft:overworld
[10:58:55] [Worker-Main-2/INFO]: Preparing spawn area: 2%
[10:58:56] [Worker-Main-2/INFO]: Preparing spawn area: 2%
[10:58:56] [Worker-Main-2/INFO]: Preparing spawn area: 2%
[10:58:56] [Worker-Main-2/INFO]: Preparing spawn area: 2%
[10:58:56] [Worker-Main-3/INFO]: Preparing spawn area: 2%
[10:58:57] [Worker-Main-2/INFO]: Preparing spawn area: 2%
[10:58:58] [Worker-Main-1/INFO]: Preparing spawn area: 2%
[10:58:58] [Worker-Main-1/INFO]: Preparing spawn area: 2%
[10:58:59] [Worker-Main-3/INFO]: Preparing spawn area: 18%
[10:58:59] [Worker-Main-3/INFO]: Preparing spawn area: 18%
[10:59:00] [Worker-Main-1/INFO]: Preparing spawn area: 18%
[10:59:00] [Worker-Main-2/INFO]: Preparing spawn area: 18%
[10:59:00] [Worker-Main-3/INFO]: Preparing spawn area: 48%
[10:59:01] [Worker-Main-1/INFO]: Preparing spawn area: 51%
[10:59:02] [Worker-Main-3/INFO]: Preparing spawn area: 51%
[10:59:02] [Worker-Main-1/INFO]: Preparing spawn area: 51%
[10:59:02] [Server thread/INFO]: Time elapsed: 7905 ms
[10:59:02] [Server thread/INFO]: Done (15.131s)! For help, type "help"
[10:59:02] [Server thread/INFO]: Unknown or incomplete command, see below for error
[10:59:02] [Server thread/INFO]: home/codespace/.python/current/bin/python /workspaces/Justuraverage1.21server/msx.py<--[HERE]
[10:59:49] [Server thread/INFO]: ExpertDead[/127.122.8.163:35831] logged in with entity id 21 at (8.5, 68.0, 11.5)
[10:59:49] [Server thread/INFO]: ExpertDead joined the game
[11:02:10] [Server thread/INFO]: ExpertDead lost connection: Disconnected
[11:02:10] [Server thread/INFO]: ExpertDead left the game
